[03/30/2010 4:57 PM] - FAIL: IPN Validation Failed.
IPN POST Vars from Paypal:

IPN Response from Paypal Server:
 HTTP/1.1 200 OK
Date: Tue, 30 Mar 2010 20:57:25 GMT
Server: Apache
Set-Cookie: cwrClyrK4LoCV1fydGbAxiNL6iG=-f2KEhR4EjkfM1QSXbIekk8kV5aW7GxwvZMjBGwTzC40hyTi3fzOe1bkTQfeQi-3xQw7TkV0pDmYAcCOTkSGoiyGlkiF_rs-TLL9RyxMxesFswu8W2_yPc8tFW2c1Dz-aFZl8W%7c2Y03R5sqymTp-JXFEFmaZC_YCl4uUHflDXNMRCJp3AWMU_KuO11DSWhM-ZNsFSY_hFHhwW%7cp2HK_KPcLgzR2nf14BuN1gC4Sruh7hGLrOrbeLa8RXP-iqHV87DKaUcTqOGjlKRPz4d1xG%7c1269982645; domain=.paypal.com; path=/
Set-Cookie: cookie_check=yes; expires=Fri, 27-Mar-2020 20:57:25 GMT; domain=.paypal.com; path=/
Set-Cookie: navcmd=_notify-validate; domain=.paypal.com; path=/
Set-Cookie: navlns=0; expires=Mon, 25-Mar-2030 20:57:25 GMT; domain=.paypal.com; path=/
Vary: Accept-Encoding
Keep-Alive: timeout=5, max=100
Connection: Keep-Alive
Transfer-Encoding: chunked
Content-Type: text/html; charset=UTF-8

7
INVALID
0



[03/30/2010 5:19 PM] - FAIL: IPN Validation Failed.
IPN POST Vars from Paypal:

IPN Response from Paypal Server:
 HTTP/1.1 200 OK
Date: Tue, 30 Mar 2010 21:19:47 GMT
Server: Apache
Set-Cookie: cwrClyrK4LoCV1fydGbAxiNL6iG=IdMXITxc1HRMKaLSb24tTPuMBQosLn0977d3m72x3wMkmjPCz6NbtUf7mRliRsapxVqwuhRzmzVIDLUQq1hxfQsvzYUGmmIo7t4dm3f8cuscb0ItJrh2mIlvcBCMCmwmya7IKG%7cs3g0HnnqKENEs0iUPjT1CZNtXCYWpefRzHa5cDWqrUwujV1qhZuv7jyxv9_o8odzt_iOum%7cv607qzT410dWTEPRV6Nlnpju-FHVjlCKM7zoDODL3Tu5ir9509am77vkUJHyUYKIze9xOG%7c1269983987; domain=.paypal.com; path=/
Set-Cookie: cookie_check=yes; expires=Fri, 27-Mar-2020 21:19:47 GMT; domain=.paypal.com; path=/
Set-Cookie: navcmd=_notify-validate; domain=.paypal.com; path=/
Set-Cookie: navlns=0; expires=Mon, 25-Mar-2030 21:19:47 GMT; domain=.paypal.com; path=/
Vary: Accept-Encoding
Keep-Alive: timeout=5, max=74
Connection: Keep-Alive
Transfer-Encoding: chunked
Content-Type: text/html; charset=UTF-8

7
INVALID
0



[03/30/2010 5:43 PM] - FAIL: IPN Validation Failed.
IPN POST Vars from Paypal:

IPN Response from Paypal Server:
 HTTP/1.1 200 OK
Date: Tue, 30 Mar 2010 21:43:04 GMT
Server: Apache
Set-Cookie: cwrClyrK4LoCV1fydGbAxiNL6iG=yZAXWmIh55GoH5H9rVnT3q4lpMFgf2NG5Hv_vzh62-6noQgXi-sTootJXV022b2NlA1LH4Z1K0enVXD4x66Ew40m1boUJ8ZH-CTDPWZbKhOh6a_n2sZNjpbk7sBnt9RawKkJOm%7cxF0JKBbolb2XvHVqAlyoOmbAMPWN599B3G8NFpaElIZk5gRibO_zCOn8Ms4DIGThvg_Tu0%7cB3S-RZivyMKQlHxSu2Or2xcBRGLOvtLcNvE2ALwccGpK7lkRiNvd8DTY4HOz8ZcISRyf1W%7c1269985385; domain=.paypal.com; path=/
Set-Cookie: cookie_check=yes; expires=Fri, 27-Mar-2020 21:43:05 GMT; domain=.paypal.com; path=/
Set-Cookie: navcmd=_notify-validate; domain=.paypal.com; path=/
Set-Cookie: navlns=0; expires=Mon, 25-Mar-2030 21:43:05 GMT; domain=.paypal.com; path=/
Vary: Accept-Encoding
Keep-Alive: timeout=5, max=100
Connection: Keep-Alive
Transfer-Encoding: chunked
Content-Type: text/html; charset=UTF-8

7
INVALID
0



[03/30/2010 5:46 PM] - FAIL: IPN Validation Failed.
IPN POST Vars from Paypal:

IPN Response from Paypal Server:
 HTTP/1.1 200 OK
Date: Tue, 30 Mar 2010 21:46:14 GMT
Server: Apache
Set-Cookie: cwrClyrK4LoCV1fydGbAxiNL6iG=1E1AQlNPXIonC4gFZpZcTmFGAkGb_3cp2BsSkL2XzSnPNrHsTxHVdS-qtgLi2g_z5ZQHxS1TiUadeE8ox40C_QVq7roNQF5cRGOPOKv2LH7E5S7SWiAmYxk_o0CY82Kr2O2D1m%7coMvAEfbRpP9y6S-4_DkkQXa-UEiRcB0xQM4rWdgdTAlq9TU3mE6Zs39DyJh7hJ_GaNPoNG%7cJo_asbIAGgs8FCSlUC104gxa2qC1OgEni3xtCzDgvUDFwKBdHT_ebJnWNyPHi6fptiLAQW%7c1269985574; domain=.paypal.com; path=/
Set-Cookie: cookie_check=yes; expires=Fri, 27-Mar-2020 21:46:14 GMT; domain=.paypal.com; path=/
Set-Cookie: navcmd=_notify-validate; domain=.paypal.com; path=/
Set-Cookie: navlns=0; expires=Mon, 25-Mar-2030 21:46:14 GMT; domain=.paypal.com; path=/
Vary: Accept-Encoding
Keep-Alive: timeout=5, max=100
Connection: Keep-Alive
Transfer-Encoding: chunked
Content-Type: text/html; charset=UTF-8

7
INVALID
0



[03/30/2010 5:47 PM] - FAIL: IPN Validation Failed.
IPN POST Vars from Paypal:

IPN Response from Paypal Server:
 HTTP/1.1 200 OK
Date: Tue, 30 Mar 2010 21:47:39 GMT
Server: Apache
Set-Cookie: cwrClyrK4LoCV1fydGbAxiNL6iG=Gx7z53GyY7UAkzlUKljqdpECxkHOk4GmrNEsBZcVN3gt6kJfniVvsP8j6hwpRXWhFfQwNvafAXy4R9pp6FiEwK1jhyNtbziz-JVcjJvvf1erT51BfauTVNkg1ppPzKDp9p_O5G%7csSFw5RUKxdt8LtshjJsQ_0bOg3sczAcnUqBPRX3y7km7F7YjMKmHNHwO2sqovjGwy6NxLm%7c6y6AR8VPZnGxeNFIWIseRJ2kwuUutJpT4q6p3WLzLwkiU4UWzfsqkE_8GUp7i5SAlE9auG%7c1269985660; domain=.paypal.com; path=/
Set-Cookie: cookie_check=yes; expires=Fri, 27-Mar-2020 21:47:40 GMT; domain=.paypal.com; path=/
Set-Cookie: navcmd=_notify-validate; domain=.paypal.com; path=/
Set-Cookie: navlns=0; expires=Mon, 25-Mar-2030 21:47:40 GMT; domain=.paypal.com; path=/
Vary: Accept-Encoding
Keep-Alive: timeout=5, max=100
Connection: Keep-Alive
Transfer-Encoding: chunked
Content-Type: text/html; charset=UTF-8

7
INVALID
0



[03/30/2010 5:49 PM] - FAIL: IPN Validation Failed.
IPN POST Vars from Paypal:

IPN Response from Paypal Server:
 HTTP/1.1 200 OK
Date: Tue, 30 Mar 2010 21:49:45 GMT
Server: Apache
Set-Cookie: cwrClyrK4LoCV1fydGbAxiNL6iG=vpWieHmzTKZV6Crhp3MVb0IowpTStnW9dL8W-2jngisc4YGwW95r2RrQ-KmRzsKmr4UW0zFLytEBpz5lUxJWNySdFvvXrvD2aJuU_EnMtHUyQmttMH9VDh6gYCqQ46UJBdfXT0%7clpC3l8B3CzPzsUFFU-atKuDMSdJQKGYsQw2RBTfIKBvmPuasvTAPWRnn_K9TCr8O9o5wrG%7clMZWyLw8uCJT9ODJ801p5GAwYige_vGb7PSq2Rp7wItPf3j5aOwCifP717pb8T2RPQef4m%7c1269985786; domain=.paypal.com; path=/
Set-Cookie: cookie_check=yes; expires=Fri, 27-Mar-2020 21:49:46 GMT; domain=.paypal.com; path=/
Set-Cookie: navcmd=_notify-validate; domain=.paypal.com; path=/
Set-Cookie: navlns=0; expires=Mon, 25-Mar-2030 21:49:46 GMT; domain=.paypal.com; path=/
Vary: Accept-Encoding
Keep-Alive: timeout=5, max=86
Connection: Keep-Alive
Transfer-Encoding: chunked
Content-Type: text/html; charset=UTF-8

7
INVALID
0



